{"level":"info","message":"Initializing application...","service":"rookie-mistakes-api","timestamp":"2026-02-04T13:27:04.454Z"}
{"level":"info","message":"Application initialized successfully","service":"rookie-mistakes-api","timestamp":"2026-02-04T13:27:04.458Z"}
{"codeLength":47,"language":"javascript","level":"info","message":"Starting code analysis","service":"rookie-mistakes-api","timestamp":"2026-02-04T13:27:04.623Z"}
{"codeLength":47,"duration":"43ms","language":"javascript","level":"info","message":"Code analysis completed","mistakeCount":3,"service":"rookie-mistakes-api","timestamp":"2026-02-04T13:27:04.665Z"}
{"duration":"169ms","level":"info","message":"Request completed","method":"POST","path":"/","service":"rookie-mistakes-api","statusCode":200,"timestamp":"2026-02-04T13:27:04.669Z"}
{"codeLength":331,"duration":"52ms","language":"javascript","level":"info","message":"Code analysis completed","mistakeCount":6,"service":"rookie-mistakes-api","timestamp":"2026-02-04T13:27:04.672Z"}
{"codeLength":36,"language":"typescript","level":"info","message":"Starting code analysis","service":"rookie-mistakes-api","timestamp":"2026-02-04T13:27:04.690Z"}
{"duration":"159ms","level":"info","message":"Request completed","method":"POST","path":"/","service":"rookie-mistakes-api","statusCode":200,"timestamp":"2026-02-04T13:27:04.681Z"}
{"codeLength":36,"duration":"13ms","language":"typescript","level":"info","message":"Code analysis completed","mistakeCount":2,"service":"rookie-mistakes-api","timestamp":"2026-02-04T13:27:04.703Z"}
{"duration":"17ms","level":"info","message":"Request completed","method":"POST","path":"/","service":"rookie-mistakes-api","statusCode":200,"timestamp":"2026-02-04T13:27:04.705Z"}
{"codeLength":166,"duration":"13ms","language":"typescript","level":"info","message":"Code analysis completed","mistakeCount":2,"service":"rookie-mistakes-api","timestamp":"2026-02-04T13:27:04.718Z"}
{"codeLength":33,"language":"python","level":"info","message":"Starting code analysis","service":"rookie-mistakes-api","timestamp":"2026-02-04T13:27:04.719Z"}
{"duration":"16ms","level":"info","message":"Request completed","method":"POST","path":"/","service":"rookie-mistakes-api","statusCode":200,"timestamp":"2026-02-04T13:27:04.721Z"}
{"codeLength":33,"duration":"13ms","language":"python","level":"info","message":"Code analysis completed","mistakeCount":1,"service":"rookie-mistakes-api","timestamp":"2026-02-04T13:27:04.732Z"}
{"duration":"16ms","level":"info","message":"Request completed","method":"POST","path":"/","service":"rookie-mistakes-api","statusCode":200,"timestamp":"2026-02-04T13:27:04.734Z"}
{"codeLength":141,"duration":"10ms","language":"python","level":"info","message":"Code analysis completed","mistakeCount":2,"service":"rookie-mistakes-api","timestamp":"2026-02-04T13:27:04.744Z"}
{"duration":"13ms","level":"info","message":"Request completed","method":"POST","path":"/","service":"rookie-mistakes-api","statusCode":200,"timestamp":"2026-02-04T13:27:04.747Z"}
{"errors":[{"field":"code","message":"Code cannot be empty"}],"level":"warn","message":"Validation failed","path":"/","service":"rookie-mistakes-api","timestamp":"2026-02-04T13:27:04.753Z"}
{"duration":"6ms","level":"info","message":"Request completed","method":"POST","path":"/","service":"rookie-mistakes-api","statusCode":400,"timestamp":"2026-02-04T13:27:04.755Z"}
{"codeLength":95,"duration":"4ms","language":"javascript","level":"info","message":"Code analysis completed","mistakeCount":1,"service":"rookie-mistakes-api","timestamp":"2026-02-04T13:27:04.763Z"}
{"duration":"6ms","level":"info","message":"Request completed","method":"POST","path":"/","service":"rookie-mistakes-api","statusCode":200,"timestamp":"2026-02-04T13:27:04.764Z"}
{"errors":[{"field":"language","message":"Invalid option: expected one of \"javascript\"|\"typescript\"|\"python\""}],"level":"warn","message":"Validation failed","path":"/","service":"rookie-mistakes-api","timestamp":"2026-02-04T13:27:04.770Z"}
{"duration":"3ms","level":"info","message":"Request completed","method":"POST","path":"/","service":"rookie-mistakes-api","statusCode":400,"timestamp":"2026-02-04T13:27:04.772Z"}
{"hasCode":false,"level":"warn","message":"Analysis request missing code","service":"rookie-mistakes-api","timestamp":"2026-02-04T13:27:04.778Z"}
{"duration":"4ms","level":"info","message":"Request completed","method":"POST","path":"/","service":"rookie-mistakes-api","statusCode":400,"timestamp":"2026-02-04T13:27:04.781Z"}
{"codeLength":10,"language":"javascript","level":"info","message":"Starting code analysis","service":"rookie-mistakes-api","timestamp":"2026-02-04T13:27:04.785Z"}
{"codeLength":10,"duration":"2ms","language":"javascript","level":"info","message":"Code analysis completed","mistakeCount":1,"service":"rookie-mistakes-api","timestamp":"2026-02-04T13:27:04.787Z"}
{"duration":"5ms","level":"info","message":"Request completed","method":"POST","path":"/","service":"rookie-mistakes-api","statusCode":200,"timestamp":"2026-02-04T13:27:04.789Z"}
{"language":"ruby","level":"warn","message":"Analysis request with invalid language","service":"rookie-mistakes-api","timestamp":"2026-02-04T13:27:04.795Z"}
{"duration":"3ms","level":"info","message":"Request completed","method":"POST","path":"/","service":"rookie-mistakes-api","statusCode":400,"timestamp":"2026-02-04T13:27:04.796Z"}
{"codeLength":12,"id":"G5LHM1JibJ","language":"javascript","level":"info","message":"Saving snippet","mistakeCount":0,"service":"rookie-mistakes-api","timestamp":"2026-02-04T13:27:04.804Z"}
{"codeLength":51,"duration":"3ms","language":"javascript","level":"info","message":"Code analysis completed","mistakeCount":3,"service":"rookie-mistakes-api","timestamp":"2026-02-04T13:27:04.810Z"}
{"duration":"6ms","level":"info","message":"Request completed","method":"POST","path":"/","service":"rookie-mistakes-api","statusCode":200,"timestamp":"2026-02-04T13:27:04.812Z"}
{"id":"G5LHM1JibJ","level":"info","message":"Snippet saved successfully","service":"rookie-mistakes-api","timestamp":"2026-02-04T13:27:04.820Z"}
{"duration":"21ms","level":"info","message":"Request completed","method":"POST","path":"/save","service":"rookie-mistakes-api","statusCode":201,"timestamp":"2026-02-04T13:27:04.822Z"}
{"codeLength":51,"duration":"4ms","language":"javascript","level":"info","message":"Code analysis completed","mistakeCount":3,"service":"rookie-mistakes-api","timestamp":"2026-02-04T13:27:04.827Z"}
{"duration":"7ms","level":"info","message":"Request completed","method":"POST","path":"/","service":"rookie-mistakes-api","statusCode":200,"timestamp":"2026-02-04T13:27:04.829Z"}
{"id":"G5LHM1JibJ","level":"info","message":"Retrieving snippet","service":"rookie-mistakes-api","timestamp":"2026-02-04T13:27:04.835Z"}
{"id":"G5LHM1JibJ","level":"info","message":"Snippet retrieved successfully","service":"rookie-mistakes-api","timestamp":"2026-02-04T13:27:04.840Z"}
{"duration":"9ms","level":"info","message":"Request completed","method":"GET","path":"/snippet/G5LHM1JibJ","service":"rookie-mistakes-api","statusCode":200,"timestamp":"2026-02-04T13:27:04.842Z"}
{"codeLength":49,"duration":"3ms","language":"javascript","level":"info","message":"Code analysis completed","mistakeCount":0,"service":"rookie-mistakes-api","timestamp":"2026-02-04T13:27:04.848Z"}
{"duration":"6ms","level":"info","message":"Request completed","method":"POST","path":"/","service":"rookie-mistakes-api","statusCode":200,"timestamp":"2026-02-04T13:27:04.850Z"}
{"errors":[{"field":"language","message":"Invalid option: expected one of \"javascript\"|\"typescript\"|\"python\""},{"field":"results","message":"Invalid input: expected object, received undefined"}],"level":"warn","message":"Validation failed","path":"/save","service":"rookie-mistakes-api","timestamp":"2026-02-04T13:27:04.855Z"}
{"duration":"4ms","level":"info","message":"Request completed","method":"POST","path":"/save","service":"rookie-mistakes-api","statusCode":400,"timestamp":"2026-02-04T13:27:04.857Z"}
{"duration":"2ms","level":"info","message":"Request completed","method":"GET","path":"/api/health","service":"rookie-mistakes-api","statusCode":200,"timestamp":"2026-02-04T13:27:04.862Z"}
{"id":"nonexistent123","level":"info","message":"Retrieving snippet","service":"rookie-mistakes-api","timestamp":"2026-02-04T13:27:04.868Z"}
{"id":"nonexistent123","level":"warn","message":"Snippet not found","service":"rookie-mistakes-api","timestamp":"2026-02-04T13:27:04.869Z"}
{"error":"Snippet not found","ip":"::ffff:127.0.0.1","level":"warn","message":"Client error","method":"GET","path":"/api/v1/snippet/nonexistent123","requestId":"req_1770211624871_29zxieduh","service":"rookie-mistakes-api","stack":"NotFoundError: Snippet not found\n    at C:\\Users\\Mihir\\OneDrive\\Desktop\\rookie-mistakes\\backend\\src\\routes\\v1\\snippets.ts:65:13\n    at fn (C:\\Users\\Mihir\\OneDrive\\Desktop\\rookie-mistakes\\backend\\src\\middleware\\errorHandler.ts:146:21)\n    at Layer.handle [as handle_request] (C:\\Users\\Mihir\\OneDrive\\Desktop\\rookie-mistakes\\backend\\node_modules\\express\\lib\\router\\layer.js:95:5)\n    at next (C:\\Users\\Mihir\\OneDrive\\Desktop\\rookie-mistakes\\backend\\node_modules\\express\\lib\\router\\route.js:149:13)\n    at next (C:\\Users\\Mihir\\OneDrive\\Desktop\\rookie-mistakes\\backend\\src\\middleware\\validation.ts:104:7)\n    at Layer.handle [as handle_request] (C:\\Users\\Mihir\\OneDrive\\Desktop\\rookie-mistakes\\backend\\node_modules\\express\\lib\\router\\layer.js:95:5)\n    at next (C:\\Users\\Mihir\\OneDrive\\Desktop\\rookie-mistakes\\backend\\node_modules\\express\\lib\\router\\route.js:149:13)\n    at Route.dispatch (C:\\Users\\Mihir\\OneDrive\\Desktop\\rookie-mistakes\\backend\\node_modules\\express\\lib\\router\\route.js:119:3)\n    at Layer.handle [as handle_request] (C:\\Users\\Mihir\\OneDrive\\Desktop\\rookie-mistakes\\backend\\node_modules\\express\\lib\\router\\layer.js:95:5)\n    at C:\\Users\\Mihir\\OneDrive\\Desktop\\rookie-mistakes\\backend\\node_modules\\express\\lib\\router\\index.js:284:15\n    at param (C:\\Users\\Mihir\\OneDrive\\Desktop\\rookie-mistakes\\backend\\node_modules\\express\\lib\\router\\index.js:365:14)\n    at param (C:\\Users\\Mihir\\OneDrive\\Desktop\\rookie-mistakes\\backend\\node_modules\\express\\lib\\router\\index.js:376:14)\n    at Function.process_params (C:\\Users\\Mihir\\OneDrive\\Desktop\\rookie-mistakes\\backend\\node_modules\\express\\lib\\router\\index.js:421:3)\n    at next (C:\\Users\\Mihir\\OneDrive\\Desktop\\rookie-mistakes\\backend\\node_modules\\express\\lib\\router\\index.js:280:10)\n    at Function.handle (C:\\Users\\Mihir\\OneDrive\\Desktop\\rookie-mistakes\\backend\\node_modules\\express\\lib\\router\\index.js:175:3)\n    at router (C:\\Users\\Mihir\\OneDrive\\Desktop\\rookie-mistakes\\backend\\node_modules\\express\\lib\\router\\index.js:47:12)\n    at Layer.handle [as handle_request] (C:\\Users\\Mihir\\OneDrive\\Desktop\\rookie-mistakes\\backend\\node_modules\\express\\lib\\router\\layer.js:95:5)\n    at trim_prefix (C:\\Users\\Mihir\\OneDrive\\Desktop\\rookie-mistakes\\backend\\node_modules\\express\\lib\\router\\index.js:328:13)\n    at C:\\Users\\Mihir\\OneDrive\\Desktop\\rookie-mistakes\\backend\\node_modules\\express\\lib\\router\\index.js:286:9\n    at Function.process_params (C:\\Users\\Mihir\\OneDrive\\Desktop\\rookie-mistakes\\backend\\node_modules\\express\\lib\\router\\index.js:346:12)\n    at next (C:\\Users\\Mihir\\OneDrive\\Desktop\\rookie-mistakes\\backend\\node_modules\\express\\lib\\router\\index.js:280:10)\n    at Function.handle (C:\\Users\\Mihir\\OneDrive\\Desktop\\rookie-mistakes\\backend\\node_modules\\express\\lib\\router\\index.js:175:3)\n    at router (C:\\Users\\Mihir\\OneDrive\\Desktop\\rookie-mistakes\\backend\\node_modules\\express\\lib\\router\\index.js:47:12)\n    at Layer.handle [as handle_request] (C:\\Users\\Mihir\\OneDrive\\Desktop\\rookie-mistakes\\backend\\node_modules\\express\\lib\\router\\layer.js:95:5)\n    at trim_prefix (C:\\Users\\Mihir\\OneDrive\\Desktop\\rookie-mistakes\\backend\\node_modules\\express\\lib\\router\\index.js:328:13)\n    at C:\\Users\\Mihir\\OneDrive\\Desktop\\rookie-mistakes\\backend\\node_modules\\express\\lib\\router\\index.js:286:9\n    at Function.process_params (C:\\Users\\Mihir\\OneDrive\\Desktop\\rookie-mistakes\\backend\\node_modules\\express\\lib\\router\\index.js:346:12)\n    at next (C:\\Users\\Mihir\\OneDrive\\Desktop\\rookie-mistakes\\backend\\node_modules\\express\\lib\\router\\index.js:280:10)\n    at C:\\Users\\Mihir\\OneDrive\\Desktop\\rookie-mistakes\\backend\\node_modules\\express-rate-limit\\dist\\index.cjs:840:9\n    at processTicksAndRejections (node:internal/process/task_queues:105:5)\n    at C:\\Users\\Mihir\\OneDrive\\Desktop\\rookie-mistakes\\backend\\node_modules\\express-rate-limit\\dist\\index.cjs:825:5","statusCode":404,"timestamp":"2026-02-04T13:27:04.880Z"}
{"duration":"13ms","level":"info","message":"Request completed","method":"GET","path":"/api/v1/snippet/nonexistent123","service":"rookie-mistakes-api","statusCode":404,"timestamp":"2026-02-04T13:27:04.881Z"}
{"duration":"12ms","level":"info","message":"Request completed","method":"POST","path":"/save","service":"rookie-mistakes-api","statusCode":201,"timestamp":"2026-02-04T13:27:04.887Z"}
{"error":"Route GET /api/v1/snippet/invalid/id/format not found","ip":"::ffff:127.0.0.1","level":"warn","message":"Client error","method":"GET","path":"/api/v1/snippet/invalid/id/format","requestId":"req_1770211624891_l743rp7bu","service":"rookie-mistakes-api","stack":"NotFoundError: Route GET /api/v1/snippet/invalid/id/format not found\n    at notFoundHandler (C:\\Users\\Mihir\\OneDrive\\Desktop\\rookie-mistakes\\backend\\src\\middleware\\errorHandler.ts:80:17)\n    at Layer.handle [as handle_request] (C:\\Users\\Mihir\\OneDrive\\Desktop\\rookie-mistakes\\backend\\node_modules\\express\\lib\\router\\layer.js:95:5)\n    at trim_prefix (C:\\Users\\Mihir\\OneDrive\\Desktop\\rookie-mistakes\\backend\\node_modules\\express\\lib\\router\\index.js:328:13)\n    at C:\\Users\\Mihir\\OneDrive\\Desktop\\rookie-mistakes\\backend\\node_modules\\express\\lib\\router\\index.js:286:9\n    at Function.process_params (C:\\Users\\Mihir\\OneDrive\\Desktop\\rookie-mistakes\\backend\\node_modules\\express\\lib\\router\\index.js:346:12)\n    at next (C:\\Users\\Mihir\\OneDrive\\Desktop\\rookie-mistakes\\backend\\node_modules\\express\\lib\\router\\index.js:280:10)\n    at C:\\Users\\Mihir\\OneDrive\\Desktop\\rookie-mistakes\\backend\\node_modules\\express\\lib\\router\\index.js:646:15\n    at next (C:\\Users\\Mihir\\OneDrive\\Desktop\\rookie-mistakes\\backend\\node_modules\\express\\lib\\router\\index.js:265:14)\n    at Function.handle (C:\\Users\\Mihir\\OneDrive\\Desktop\\rookie-mistakes\\backend\\node_modules\\express\\lib\\router\\index.js:175:3)\n    at router (C:\\Users\\Mihir\\OneDrive\\Desktop\\rookie-mistakes\\backend\\node_modules\\express\\lib\\router\\index.js:47:12)\n    at Layer.handle [as handle_request] (C:\\Users\\Mihir\\OneDrive\\Desktop\\rookie-mistakes\\backend\\node_modules\\express\\lib\\router\\layer.js:95:5)\n    at trim_prefix (C:\\Users\\Mihir\\OneDrive\\Desktop\\rookie-mistakes\\backend\\node_modules\\express\\lib\\router\\index.js:328:13)\n    at C:\\Users\\Mihir\\OneDrive\\Desktop\\rookie-mistakes\\backend\\node_modules\\express\\lib\\router\\index.js:286:9\n    at Function.process_params (C:\\Users\\Mihir\\OneDrive\\Desktop\\rookie-mistakes\\backend\\node_modules\\express\\lib\\router\\index.js:346:12)\n    at Immediate.next (C:\\Users\\Mihir\\OneDrive\\Desktop\\rookie-mistakes\\backend\\node_modules\\express\\lib\\router\\index.js:280:10)\n    at Immediate._onImmediate (C:\\Users\\Mihir\\OneDrive\\Desktop\\rookie-mistakes\\backend\\node_modules\\express\\lib\\router\\index.js:646:15)\n    at processImmediate (node:internal/timers:487:21)","statusCode":404,"timestamp":"2026-02-04T13:27:04.893Z"}
{"duration":"5ms","level":"info","message":"Request completed","method":"GET","path":"/api/v1/snippet/invalid/id/format","service":"rookie-mistakes-api","statusCode":404,"timestamp":"2026-02-04T13:27:04.895Z"}
{"duration":"4ms","level":"info","message":"Request completed","method":"GET","path":"/snippet/PaKnnuOGHP","service":"rookie-mistakes-api","statusCode":200,"timestamp":"2026-02-04T13:27:04.900Z"}
{"codeLength":12,"duration":"1ms","language":"javascript","level":"info","message":"Code analysis completed","mistakeCount":0,"service":"rookie-mistakes-api","timestamp":"2026-02-04T13:27:04.906Z"}
{"duration":"3ms","level":"info","message":"Request completed","method":"POST","path":"/","service":"rookie-mistakes-api","statusCode":200,"timestamp":"2026-02-04T13:27:04.908Z"}
{"duration":"1ms","level":"info","message":"Request completed","method":"POST","path":"/save","service":"rookie-mistakes-api","statusCode":400,"timestamp":"2026-02-04T13:27:04.911Z"}
{"duration":"1ms","level":"info","message":"Request completed","method":"POST","path":"/save","service":"rookie-mistakes-api","statusCode":400,"timestamp":"2026-02-04T13:27:04.919Z"}
{"duration":"4ms","level":"info","message":"Request completed","method":"POST","path":"/save","service":"rookie-mistakes-api","statusCode":201,"timestamp":"2026-02-04T13:27:04.920Z"}
{"duration":"2ms","level":"info","message":"Request completed","method":"POST","path":"/save","service":"rookie-mistakes-api","statusCode":400,"timestamp":"2026-02-04T13:27:04.928Z"}
{"codeLength":10,"duration":"1ms","language":"javascript","level":"info","message":"Code analysis completed","mistakeCount":1,"service":"rookie-mistakes-api","timestamp":"2026-02-04T13:27:04.934Z"}
{"duration":"3ms","level":"info","message":"Request completed","method":"POST","path":"/","service":"rookie-mistakes-api","statusCode":200,"timestamp":"2026-02-04T13:27:04.936Z"}
{"duration":"2ms","level":"info","message":"Request completed","method":"GET","path":"/snippet/nonexistent123","service":"rookie-mistakes-api","statusCode":404,"timestamp":"2026-02-04T13:27:04.939Z"}
{"codeLength":10,"language":"javascript","level":"info","message":"Starting code analysis","service":"rookie-mistakes-api","timestamp":"2026-02-04T13:27:04.944Z"}
{"codeLength":10,"duration":"2ms","language":"javascript","level":"info","message":"Code analysis completed","mistakeCount":1,"service":"rookie-mistakes-api","timestamp":"2026-02-04T13:27:04.946Z"}
{"duration":"4ms","level":"info","message":"Request completed","method":"POST","path":"/","service":"rookie-mistakes-api","statusCode":200,"timestamp":"2026-02-04T13:27:04.948Z"}
{"level":"info","message":"Initializing application...","service":"rookie-mistakes-api","timestamp":"2026-02-04T13:27:59.692Z"}
{"level":"info","message":"Application initialized successfully","service":"rookie-mistakes-api","timestamp":"2026-02-04T13:27:59.853Z"}
{"level":"info","message":"🚀 RookieMistakes API running on http://localhost:3001","service":"rookie-mistakes-api","timestamp":"2026-02-04T13:27:59.858Z"}
{"level":"info","message":"   Environment: development","service":"rookie-mistakes-api","timestamp":"2026-02-04T13:27:59.860Z"}
{"level":"info","message":"   API Docs: http://localhost:3001/api/docs","service":"rookie-mistakes-api","timestamp":"2026-02-04T13:27:59.860Z"}
{"level":"info","message":"   Health: http://localhost:3001/api/health","service":"rookie-mistakes-api","timestamp":"2026-02-04T13:27:59.862Z"}
{"level":"info","message":"   Analyze: POST http://localhost:3001/api/v1/analyze","service":"rookie-mistakes-api","timestamp":"2026-02-04T13:27:59.863Z"}
{"level":"info","message":"   Save: POST http://localhost:3001/api/v1/save","service":"rookie-mistakes-api","timestamp":"2026-02-04T13:27:59.863Z"}
{"level":"info","message":"   Get: GET http://localhost:3001/api/v1/snippet/:id","service":"rookie-mistakes-api","timestamp":"2026-02-04T13:27:59.864Z"}
{"codeLength":387,"duration":"73ms","language":"javascript","level":"info","message":"Code analysis completed","mistakeCount":7,"service":"rookie-mistakes-api","timestamp":"2026-02-04T13:28:51.618Z"}
{"duration":"123ms","level":"info","message":"Request completed","method":"POST","path":"/","service":"rookie-mistakes-api","statusCode":200,"timestamp":"2026-02-04T13:28:51.628Z"}
{"codeLength":80,"duration":"5ms","language":"python","level":"info","message":"Code analysis completed","mistakeCount":1,"service":"rookie-mistakes-api","timestamp":"2026-02-04T13:31:42.150Z"}
{"duration":"11ms","level":"info","message":"Request completed","method":"POST","path":"/","service":"rookie-mistakes-api","statusCode":200,"timestamp":"2026-02-04T13:31:42.153Z"}
{"codeLength":60,"duration":"2ms","language":"python","level":"info","message":"Code analysis completed","mistakeCount":1,"service":"rookie-mistakes-api","timestamp":"2026-02-04T13:32:07.839Z"}
{"duration":"5ms","level":"info","message":"Request completed","method":"POST","path":"/","service":"rookie-mistakes-api","statusCode":200,"timestamp":"2026-02-04T13:32:07.841Z"}
{"codeLength":59,"duration":"2ms","language":"python","level":"info","message":"Code analysis completed","mistakeCount":1,"service":"rookie-mistakes-api","timestamp":"2026-02-04T13:35:00.466Z"}
{"duration":"7ms","level":"info","message":"Request completed","method":"POST","path":"/","service":"rookie-mistakes-api","statusCode":200,"timestamp":"2026-02-04T13:35:00.470Z"}
{"codeLength":59,"duration":"1ms","language":"python","level":"info","message":"Code analysis completed","mistakeCount":1,"service":"rookie-mistakes-api","timestamp":"2026-02-04T13:35:01.970Z"}
{"duration":"10ms","level":"info","message":"Request completed","method":"POST","path":"/","service":"rookie-mistakes-api","statusCode":200,"timestamp":"2026-02-04T13:35:01.973Z"}
{"codeLength":59,"duration":"1ms","language":"python","level":"info","message":"Code analysis completed","mistakeCount":1,"service":"rookie-mistakes-api","timestamp":"2026-02-04T13:35:02.826Z"}
{"duration":"8ms","level":"info","message":"Request completed","method":"POST","path":"/","service":"rookie-mistakes-api","statusCode":200,"timestamp":"2026-02-04T13:35:02.830Z"}
{"codeLength":59,"duration":"1ms","language":"python","level":"info","message":"Code analysis completed","mistakeCount":1,"service":"rookie-mistakes-api","timestamp":"2026-02-04T13:35:03.614Z"}
{"duration":"5ms","level":"info","message":"Request completed","method":"POST","path":"/","service":"rookie-mistakes-api","statusCode":200,"timestamp":"2026-02-04T13:35:03.617Z"}
{"codeLength":59,"duration":"1ms","language":"python","level":"info","message":"Code analysis completed","mistakeCount":1,"service":"rookie-mistakes-api","timestamp":"2026-02-04T13:35:04.391Z"}
{"duration":"4ms","level":"info","message":"Request completed","method":"POST","path":"/","service":"rookie-mistakes-api","statusCode":200,"timestamp":"2026-02-04T13:35:04.393Z"}
{"codeLength":58,"duration":"2ms","language":"python","level":"info","message":"Code analysis completed","mistakeCount":1,"service":"rookie-mistakes-api","timestamp":"2026-02-04T13:35:08.060Z"}
{"duration":"6ms","level":"info","message":"Request completed","method":"POST","path":"/","service":"rookie-mistakes-api","statusCode":200,"timestamp":"2026-02-04T13:35:08.062Z"}
{"codeLength":58,"duration":"1ms","language":"python","level":"info","message":"Code analysis completed","mistakeCount":1,"service":"rookie-mistakes-api","timestamp":"2026-02-04T13:35:08.964Z"}
{"duration":"5ms","level":"info","message":"Request completed","method":"POST","path":"/","service":"rookie-mistakes-api","statusCode":200,"timestamp":"2026-02-04T13:35:08.967Z"}
{"codeLength":58,"duration":"2ms","language":"python","level":"info","message":"Code analysis completed","mistakeCount":1,"service":"rookie-mistakes-api","timestamp":"2026-02-04T13:35:09.135Z"}
{"duration":"5ms","level":"info","message":"Request completed","method":"POST","path":"/","service":"rookie-mistakes-api","statusCode":200,"timestamp":"2026-02-04T13:35:09.138Z"}
{"codeLength":58,"duration":"1ms","language":"python","level":"info","message":"Code analysis completed","mistakeCount":1,"service":"rookie-mistakes-api","timestamp":"2026-02-04T13:35:09.289Z"}
{"duration":"4ms","level":"info","message":"Request completed","method":"POST","path":"/","service":"rookie-mistakes-api","statusCode":200,"timestamp":"2026-02-04T13:35:09.292Z"}
{"codeLength":58,"duration":"1ms","language":"python","level":"info","message":"Code analysis completed","mistakeCount":1,"service":"rookie-mistakes-api","timestamp":"2026-02-04T13:35:09.501Z"}
{"duration":"6ms","level":"info","message":"Request completed","method":"POST","path":"/","service":"rookie-mistakes-api","statusCode":200,"timestamp":"2026-02-04T13:35:09.504Z"}
{"codeLength":23,"duration":"1ms","language":"python","level":"info","message":"Code analysis completed","mistakeCount":0,"service":"rookie-mistakes-api","timestamp":"2026-02-04T13:35:14.485Z"}
{"duration":"5ms","level":"info","message":"Request completed","method":"POST","path":"/","service":"rookie-mistakes-api","statusCode":200,"timestamp":"2026-02-04T13:35:14.488Z"}
{"codeLength":26,"duration":"1ms","language":"python","level":"info","message":"Code analysis completed","mistakeCount":0,"service":"rookie-mistakes-api","timestamp":"2026-02-04T13:35:21.625Z"}
{"duration":"3ms","level":"info","message":"Request completed","method":"POST","path":"/","service":"rookie-mistakes-api","statusCode":200,"timestamp":"2026-02-04T13:35:21.626Z"}
{"codeLength":5907,"duration":"68ms","language":"python","level":"info","message":"Code analysis completed","mistakeCount":195,"service":"rookie-mistakes-api","timestamp":"2026-02-04T13:35:43.249Z"}
{"duration":"73ms","level":"info","message":"Request completed","method":"POST","path":"/","service":"rookie-mistakes-api","statusCode":200,"timestamp":"2026-02-04T13:35:43.253Z"}
{"codeLength":1,"duration":"0ms","language":"python","level":"info","message":"Code analysis completed","mistakeCount":0,"service":"rookie-mistakes-api","timestamp":"2026-02-04T13:36:01.911Z"}
{"duration":"3ms","level":"info","message":"Request completed","method":"POST","path":"/","service":"rookie-mistakes-api","statusCode":200,"timestamp":"2026-02-04T13:36:01.913Z"}
{"codeLength":59,"duration":"1ms","language":"python","level":"info","message":"Code analysis completed","mistakeCount":1,"service":"rookie-mistakes-api","timestamp":"2026-02-04T13:36:30.087Z"}
{"duration":"6ms","level":"info","message":"Request completed","method":"POST","path":"/","service":"rookie-mistakes-api","statusCode":200,"timestamp":"2026-02-04T13:36:30.090Z"}
{"level":"info","message":"Initializing application...","service":"rookie-mistakes-api","timestamp":"2026-02-04T14:07:25.451Z"}
{"level":"info","message":"Application initialized successfully","service":"rookie-mistakes-api","timestamp":"2026-02-04T14:07:25.454Z"}
{"codeLength":47,"language":"javascript","level":"info","message":"Starting code analysis","service":"rookie-mistakes-api","timestamp":"2026-02-04T14:07:25.499Z"}
{"codeLength":47,"duration":"38ms","language":"javascript","level":"info","message":"Code analysis completed","mistakeCount":3,"service":"rookie-mistakes-api","timestamp":"2026-02-04T14:07:25.537Z"}
{"duration":"64ms","level":"info","message":"Request completed","method":"POST","path":"/","service":"rookie-mistakes-api","statusCode":200,"timestamp":"2026-02-04T14:07:25.542Z"}
{"codeLength":36,"language":"typescript","level":"info","message":"Starting code analysis","service":"rookie-mistakes-api","timestamp":"2026-02-04T14:07:25.559Z"}
{"codeLength":36,"duration":"9ms","language":"typescript","level":"info","message":"Code analysis completed","mistakeCount":2,"service":"rookie-mistakes-api","timestamp":"2026-02-04T14:07:25.568Z"}
{"duration":"12ms","level":"info","message":"Request completed","method":"POST","path":"/","service":"rookie-mistakes-api","statusCode":200,"timestamp":"2026-02-04T14:07:25.570Z"}
{"codeLength":33,"language":"python","level":"info","message":"Starting code analysis","service":"rookie-mistakes-api","timestamp":"2026-02-04T14:07:25.582Z"}
{"codeLength":33,"duration":"11ms","language":"python","level":"info","message":"Code analysis completed","mistakeCount":1,"service":"rookie-mistakes-api","timestamp":"2026-02-04T14:07:25.593Z"}
{"duration":"14ms","level":"info","message":"Request completed","method":"POST","path":"/","service":"rookie-mistakes-api","statusCode":200,"timestamp":"2026-02-04T14:07:25.595Z"}
{"errors":[{"field":"code","message":"Code cannot be empty"}],"level":"warn","message":"Validation failed","path":"/","service":"rookie-mistakes-api","timestamp":"2026-02-04T14:07:25.606Z"}
{"duration":"4ms","level":"info","message":"Request completed","method":"POST","path":"/","service":"rookie-mistakes-api","statusCode":400,"timestamp":"2026-02-04T14:07:25.608Z"}
{"errors":[{"field":"language","message":"Invalid option: expected one of \"javascript\"|\"typescript\"|\"python\""}],"level":"warn","message":"Validation failed","path":"/","service":"rookie-mistakes-api","timestamp":"2026-02-04T14:07:25.620Z"}
{"duration":"3ms","level":"info","message":"Request completed","method":"POST","path":"/","service":"rookie-mistakes-api","statusCode":400,"timestamp":"2026-02-04T14:07:25.623Z"}
{"codeLength":10,"language":"javascript","level":"info","message":"Starting code analysis","service":"rookie-mistakes-api","timestamp":"2026-02-04T14:07:25.632Z"}
{"codeLength":10,"duration":"1ms","language":"javascript","level":"info","message":"Code analysis completed","mistakeCount":1,"service":"rookie-mistakes-api","timestamp":"2026-02-04T14:07:25.633Z"}
{"duration":"3ms","level":"info","message":"Request completed","method":"POST","path":"/","service":"rookie-mistakes-api","statusCode":200,"timestamp":"2026-02-04T14:07:25.635Z"}
{"codeLength":12,"id":"at0GeOfSoF","language":"javascript","level":"info","message":"Saving snippet","mistakeCount":0,"service":"rookie-mistakes-api","timestamp":"2026-02-04T14:07:25.647Z"}
{"id":"at0GeOfSoF","level":"info","message":"Snippet saved successfully","service":"rookie-mistakes-api","timestamp":"2026-02-04T14:07:25.660Z"}
{"duration":"17ms","level":"info","message":"Request completed","method":"POST","path":"/save","service":"rookie-mistakes-api","statusCode":201,"timestamp":"2026-02-04T14:07:25.662Z"}
{"id":"at0GeOfSoF","level":"info","message":"Retrieving snippet","service":"rookie-mistakes-api","timestamp":"2026-02-04T14:07:25.671Z"}
{"id":"at0GeOfSoF","level":"info","message":"Snippet retrieved successfully","service":"rookie-mistakes-api","timestamp":"2026-02-04T14:07:25.674Z"}
{"duration":"6ms","level":"info","message":"Request completed","method":"GET","path":"/snippet/at0GeOfSoF","service":"rookie-mistakes-api","statusCode":200,"timestamp":"2026-02-04T14:07:25.676Z"}
{"errors":[{"field":"language","message":"Invalid option: expected one of \"javascript\"|\"typescript\"|\"python\""},{"field":"results","message":"Invalid input: expected object, received undefined"}],"level":"warn","message":"Validation failed","path":"/save","service":"rookie-mistakes-api","timestamp":"2026-02-04T14:07:25.686Z"}
{"duration":"3ms","level":"info","message":"Request completed","method":"POST","path":"/save","service":"rookie-mistakes-api","statusCode":400,"timestamp":"2026-02-04T14:07:25.688Z"}
{"id":"nonexistent123","level":"info","message":"Retrieving snippet","service":"rookie-mistakes-api","timestamp":"2026-02-04T14:07:25.700Z"}
{"id":"nonexistent123","level":"warn","message":"Snippet not found","service":"rookie-mistakes-api","timestamp":"2026-02-04T14:07:25.701Z"}
{"error":"Snippet not found","ip":"::ffff:127.0.0.1","level":"warn","message":"Client error","method":"GET","path":"/api/v1/snippet/nonexistent123","requestId":"req_1770214045703_xjdwa5lm7","service":"rookie-mistakes-api","stack":"NotFoundError: Snippet not found\n    at C:\\Users\\Mihir\\OneDrive\\Desktop\\rookie-mistakes\\backend\\src\\routes\\v1\\snippets.ts:65:13\n    at fn (C:\\Users\\Mihir\\OneDrive\\Desktop\\rookie-mistakes\\backend\\src\\middleware\\errorHandler.ts:146:21)\n    at Layer.handle [as handle_request] (C:\\Users\\Mihir\\OneDrive\\Desktop\\rookie-mistakes\\backend\\node_modules\\express\\lib\\router\\layer.js:95:5)\n    at next (C:\\Users\\Mihir\\OneDrive\\Desktop\\rookie-mistakes\\backend\\node_modules\\express\\lib\\router\\route.js:149:13)\n    at next (C:\\Users\\Mihir\\OneDrive\\Desktop\\rookie-mistakes\\backend\\src\\middleware\\validation.ts:115:7)\n    at Layer.handle [as handle_request] (C:\\Users\\Mihir\\OneDrive\\Desktop\\rookie-mistakes\\backend\\node_modules\\express\\lib\\router\\layer.js:95:5)\n    at next (C:\\Users\\Mihir\\OneDrive\\Desktop\\rookie-mistakes\\backend\\node_modules\\express\\lib\\router\\route.js:149:13)\n    at Route.dispatch (C:\\Users\\Mihir\\OneDrive\\Desktop\\rookie-mistakes\\backend\\node_modules\\express\\lib\\router\\route.js:119:3)\n    at Layer.handle [as handle_request] (C:\\Users\\Mihir\\OneDrive\\Desktop\\rookie-mistakes\\backend\\node_modules\\express\\lib\\router\\layer.js:95:5)\n    at C:\\Users\\Mihir\\OneDrive\\Desktop\\rookie-mistakes\\backend\\node_modules\\express\\lib\\router\\index.js:284:15\n    at param (C:\\Users\\Mihir\\OneDrive\\Desktop\\rookie-mistakes\\backend\\node_modules\\express\\lib\\router\\index.js:365:14)\n    at param (C:\\Users\\Mihir\\OneDrive\\Desktop\\rookie-mistakes\\backend\\node_modules\\express\\lib\\router\\index.js:376:14)\n    at Function.process_params (C:\\Users\\Mihir\\OneDrive\\Desktop\\rookie-mistakes\\backend\\node_modules\\express\\lib\\router\\index.js:421:3)\n    at next (C:\\Users\\Mihir\\OneDrive\\Desktop\\rookie-mistakes\\backend\\node_modules\\express\\lib\\router\\index.js:280:10)\n    at Function.handle (C:\\Users\\Mihir\\OneDrive\\Desktop\\rookie-mistakes\\backend\\node_modules\\express\\lib\\router\\index.js:175:3)\n    at router (C:\\Users\\Mihir\\OneDrive\\Desktop\\rookie-mistakes\\backend\\node_modules\\express\\lib\\router\\index.js:47:12)\n    at Layer.handle [as handle_request] (C:\\Users\\Mihir\\OneDrive\\Desktop\\rookie-mistakes\\backend\\node_modules\\express\\lib\\router\\layer.js:95:5)\n    at trim_prefix (C:\\Users\\Mihir\\OneDrive\\Desktop\\rookie-mistakes\\backend\\node_modules\\express\\lib\\router\\index.js:328:13)\n    at C:\\Users\\Mihir\\OneDrive\\Desktop\\rookie-mistakes\\backend\\node_modules\\express\\lib\\router\\index.js:286:9\n    at Function.process_params (C:\\Users\\Mihir\\OneDrive\\Desktop\\rookie-mistakes\\backend\\node_modules\\express\\lib\\router\\index.js:346:12)\n    at next (C:\\Users\\Mihir\\OneDrive\\Desktop\\rookie-mistakes\\backend\\node_modules\\express\\lib\\router\\index.js:280:10)\n    at Function.handle (C:\\Users\\Mihir\\OneDrive\\Desktop\\rookie-mistakes\\backend\\node_modules\\express\\lib\\router\\index.js:175:3)\n    at router (C:\\Users\\Mihir\\OneDrive\\Desktop\\rookie-mistakes\\backend\\node_modules\\express\\lib\\router\\index.js:47:12)\n    at Layer.handle [as handle_request] (C:\\Users\\Mihir\\OneDrive\\Desktop\\rookie-mistakes\\backend\\node_modules\\express\\lib\\router\\layer.js:95:5)\n    at trim_prefix (C:\\Users\\Mihir\\OneDrive\\Desktop\\rookie-mistakes\\backend\\node_modules\\express\\lib\\router\\index.js:328:13)\n    at C:\\Users\\Mihir\\OneDrive\\Desktop\\rookie-mistakes\\backend\\node_modules\\express\\lib\\router\\index.js:286:9\n    at Function.process_params (C:\\Users\\Mihir\\OneDrive\\Desktop\\rookie-mistakes\\backend\\node_modules\\express\\lib\\router\\index.js:346:12)\n    at next (C:\\Users\\Mihir\\OneDrive\\Desktop\\rookie-mistakes\\backend\\node_modules\\express\\lib\\router\\index.js:280:10)\n    at C:\\Users\\Mihir\\OneDrive\\Desktop\\rookie-mistakes\\backend\\node_modules\\express-rate-limit\\dist\\index.cjs:840:9\n    at processTicksAndRejections (node:internal/process/task_queues:105:5)\n    at C:\\Users\\Mihir\\OneDrive\\Desktop\\rookie-mistakes\\backend\\node_modules\\express-rate-limit\\dist\\index.cjs:825:5","statusCode":404,"timestamp":"2026-02-04T14:07:25.714Z"}
{"duration":"15ms","level":"info","message":"Request completed","method":"GET","path":"/api/v1/snippet/nonexistent123","service":"rookie-mistakes-api","statusCode":404,"timestamp":"2026-02-04T14:07:25.715Z"}
{"error":"Route GET /api/v1/snippet/invalid/id/format not found","ip":"::ffff:127.0.0.1","level":"warn","message":"Client error","method":"GET","path":"/api/v1/snippet/invalid/id/format","requestId":"req_1770214045723_9u493xl3f","service":"rookie-mistakes-api","stack":"NotFoundError: Route GET /api/v1/snippet/invalid/id/format not found\n    at notFoundHandler (C:\\Users\\Mihir\\OneDrive\\Desktop\\rookie-mistakes\\backend\\src\\middleware\\errorHandler.ts:80:17)\n    at Layer.handle [as handle_request] (C:\\Users\\Mihir\\OneDrive\\Desktop\\rookie-mistakes\\backend\\node_modules\\express\\lib\\router\\layer.js:95:5)\n    at trim_prefix (C:\\Users\\Mihir\\OneDrive\\Desktop\\rookie-mistakes\\backend\\node_modules\\express\\lib\\router\\index.js:328:13)\n    at C:\\Users\\Mihir\\OneDrive\\Desktop\\rookie-mistakes\\backend\\node_modules\\express\\lib\\router\\index.js:286:9\n    at Function.process_params (C:\\Users\\Mihir\\OneDrive\\Desktop\\rookie-mistakes\\backend\\node_modules\\express\\lib\\router\\index.js:346:12)\n    at next (C:\\Users\\Mihir\\OneDrive\\Desktop\\rookie-mistakes\\backend\\node_modules\\express\\lib\\router\\index.js:280:10)\n    at C:\\Users\\Mihir\\OneDrive\\Desktop\\rookie-mistakes\\backend\\node_modules\\express\\lib\\router\\index.js:646:15\n    at next (C:\\Users\\Mihir\\OneDrive\\Desktop\\rookie-mistakes\\backend\\node_modules\\express\\lib\\router\\index.js:265:14)\n    at Function.handle (C:\\Users\\Mihir\\OneDrive\\Desktop\\rookie-mistakes\\backend\\node_modules\\express\\lib\\router\\index.js:175:3)\n    at router (C:\\Users\\Mihir\\OneDrive\\Desktop\\rookie-mistakes\\backend\\node_modules\\express\\lib\\router\\index.js:47:12)\n    at Layer.handle [as handle_request] (C:\\Users\\Mihir\\OneDrive\\Desktop\\rookie-mistakes\\backend\\node_modules\\express\\lib\\router\\layer.js:95:5)\n    at trim_prefix (C:\\Users\\Mihir\\OneDrive\\Desktop\\rookie-mistakes\\backend\\node_modules\\express\\lib\\router\\index.js:328:13)\n    at C:\\Users\\Mihir\\OneDrive\\Desktop\\rookie-mistakes\\backend\\node_modules\\express\\lib\\router\\index.js:286:9\n    at Function.process_params (C:\\Users\\Mihir\\OneDrive\\Desktop\\rookie-mistakes\\backend\\node_modules\\express\\lib\\router\\index.js:346:12)\n    at Immediate.next (C:\\Users\\Mihir\\OneDrive\\Desktop\\rookie-mistakes\\backend\\node_modules\\express\\lib\\router\\index.js:280:10)\n    at Immediate._onImmediate (C:\\Users\\Mihir\\OneDrive\\Desktop\\rookie-mistakes\\backend\\node_modules\\express\\lib\\router\\index.js:646:15)\n    at processImmediate (node:internal/timers:487:21)","statusCode":404,"timestamp":"2026-02-04T14:07:25.724Z"}
{"duration":"2ms","level":"info","message":"Request completed","method":"GET","path":"/api/v1/snippet/invalid/id/format","service":"rookie-mistakes-api","statusCode":404,"timestamp":"2026-02-04T14:07:25.725Z"}
{"codeLength":12,"duration":"1ms","language":"javascript","level":"info","message":"Code analysis completed","mistakeCount":0,"service":"rookie-mistakes-api","timestamp":"2026-02-04T14:07:25.734Z"}
{"duration":"3ms","level":"info","message":"Request completed","method":"POST","path":"/","service":"rookie-mistakes-api","statusCode":200,"timestamp":"2026-02-04T14:07:25.735Z"}
{"duration":"5ms","level":"info","message":"Request completed","method":"POST","path":"/save","service":"rookie-mistakes-api","statusCode":201,"timestamp":"2026-02-04T14:07:25.752Z"}
{"codeLength":10,"duration":"1ms","language":"javascript","level":"info","message":"Code analysis completed","mistakeCount":1,"service":"rookie-mistakes-api","timestamp":"2026-02-04T14:07:25.763Z"}
{"duration":"3ms","level":"info","message":"Request completed","method":"POST","path":"/","service":"rookie-mistakes-api","statusCode":200,"timestamp":"2026-02-04T14:07:25.764Z"}
{"codeLength":10,"language":"javascript","level":"info","message":"Starting code analysis","service":"rookie-mistakes-api","timestamp":"2026-02-04T14:07:25.772Z"}
{"codeLength":10,"duration":"2ms","language":"javascript","level":"info","message":"Code analysis completed","mistakeCount":1,"service":"rookie-mistakes-api","timestamp":"2026-02-04T14:07:25.774Z"}
{"duration":"4ms","level":"info","message":"Request completed","method":"POST","path":"/","service":"rookie-mistakes-api","statusCode":200,"timestamp":"2026-02-04T14:07:25.775Z"}
{"codeLength":331,"duration":"30ms","language":"javascript","level":"info","message":"Code analysis completed","mistakeCount":6,"service":"rookie-mistakes-api","timestamp":"2026-02-04T14:07:26.720Z"}
{"duration":"39ms","level":"info","message":"Request completed","method":"POST","path":"/","service":"rookie-mistakes-api","statusCode":200,"timestamp":"2026-02-04T14:07:26.722Z"}
{"codeLength":166,"duration":"4ms","language":"typescript","level":"info","message":"Code analysis completed","mistakeCount":2,"service":"rookie-mistakes-api","timestamp":"2026-02-04T14:07:26.738Z"}
{"duration":"8ms","level":"info","message":"Request completed","method":"POST","path":"/","service":"rookie-mistakes-api","statusCode":200,"timestamp":"2026-02-04T14:07:26.741Z"}
{"codeLength":141,"duration":"10ms","language":"python","level":"info","message":"Code analysis completed","mistakeCount":2,"service":"rookie-mistakes-api","timestamp":"2026-02-04T14:07:26.758Z"}
{"duration":"11ms","level":"info","message":"Request completed","method":"POST","path":"/","service":"rookie-mistakes-api","statusCode":200,"timestamp":"2026-02-04T14:07:26.759Z"}
{"codeLength":95,"duration":"2ms","language":"javascript","level":"info","message":"Code analysis completed","mistakeCount":1,"service":"rookie-mistakes-api","timestamp":"2026-02-04T14:07:26.768Z"}
{"duration":"3ms","level":"info","message":"Request completed","method":"POST","path":"/","service":"rookie-mistakes-api","statusCode":200,"timestamp":"2026-02-04T14:07:26.769Z"}
{"hasCode":false,"level":"warn","message":"Analysis request missing code","service":"rookie-mistakes-api","timestamp":"2026-02-04T14:07:26.778Z"}
{"duration":"2ms","level":"info","message":"Request completed","method":"POST","path":"/","service":"rookie-mistakes-api","statusCode":400,"timestamp":"2026-02-04T14:07:26.779Z"}
{"language":"ruby","level":"warn","message":"Analysis request with invalid language","service":"rookie-mistakes-api","timestamp":"2026-02-04T14:07:26.785Z"}
{"duration":"2ms","level":"info","message":"Request completed","method":"POST","path":"/","service":"rookie-mistakes-api","statusCode":400,"timestamp":"2026-02-04T14:07:26.786Z"}
{"codeLength":51,"duration":"1ms","language":"javascript","level":"info","message":"Code analysis completed","mistakeCount":3,"service":"rookie-mistakes-api","timestamp":"2026-02-04T14:07:26.795Z"}
{"duration":"3ms","level":"info","message":"Request completed","method":"POST","path":"/","service":"rookie-mistakes-api","statusCode":200,"timestamp":"2026-02-04T14:07:26.795Z"}
{"codeLength":51,"duration":"2ms","language":"javascript","level":"info","message":"Code analysis completed","mistakeCount":3,"service":"rookie-mistakes-api","timestamp":"2026-02-04T14:07:26.804Z"}
{"duration":"5ms","level":"info","message":"Request completed","method":"POST","path":"/","service":"rookie-mistakes-api","statusCode":200,"timestamp":"2026-02-04T14:07:26.805Z"}
{"codeLength":49,"duration":"2ms","language":"javascript","level":"info","message":"Code analysis completed","mistakeCount":0,"service":"rookie-mistakes-api","timestamp":"2026-02-04T14:07:26.816Z"}
{"duration":"4ms","level":"info","message":"Request completed","method":"POST","path":"/","service":"rookie-mistakes-api","statusCode":200,"timestamp":"2026-02-04T14:07:26.818Z"}
{"duration":"0ms","level":"info","message":"Request completed","method":"GET","path":"/api/health","service":"rookie-mistakes-api","statusCode":200,"timestamp":"2026-02-04T14:07:26.826Z"}
{"duration":"3ms","level":"info","message":"Request completed","method":"POST","path":"/save","service":"rookie-mistakes-api","statusCode":201,"timestamp":"2026-02-04T14:07:26.836Z"}
{"duration":"2ms","level":"info","message":"Request completed","method":"GET","path":"/snippet/rrVUrtA3fQ","service":"rookie-mistakes-api","statusCode":200,"timestamp":"2026-02-04T14:07:26.844Z"}
{"duration":"1ms","level":"info","message":"Request completed","method":"POST","path":"/save","service":"rookie-mistakes-api","statusCode":400,"timestamp":"2026-02-04T14:07:26.855Z"}
{"duration":"1ms","level":"info","message":"Request completed","method":"POST","path":"/save","service":"rookie-mistakes-api","statusCode":400,"timestamp":"2026-02-04T14:07:26.862Z"}
{"duration":"1ms","level":"info","message":"Request completed","method":"POST","path":"/save","service":"rookie-mistakes-api","statusCode":400,"timestamp":"2026-02-04T14:07:26.869Z"}
{"duration":"1ms","level":"info","message":"Request completed","method":"GET","path":"/snippet/nonexistent123","service":"rookie-mistakes-api","statusCode":404,"timestamp":"2026-02-04T14:07:26.876Z"}
{"level":"info","message":"Initializing application...","service":"rookie-mistakes-api","timestamp":"2026-02-04T14:09:04.825Z"}
{"level":"info","message":"Application initialized successfully","service":"rookie-mistakes-api","timestamp":"2026-02-04T14:09:05.013Z"}
{"level":"info","message":"🚀 RookieMistakes API running on http://localhost:3001","service":"rookie-mistakes-api","timestamp":"2026-02-04T14:09:05.019Z"}
{"level":"info","message":"   Environment: development","service":"rookie-mistakes-api","timestamp":"2026-02-04T14:09:05.020Z"}
{"level":"info","message":"   API Docs: http://localhost:3001/api/docs","service":"rookie-mistakes-api","timestamp":"2026-02-04T14:09:05.021Z"}
{"level":"info","message":"   Health: http://localhost:3001/api/health","service":"rookie-mistakes-api","timestamp":"2026-02-04T14:09:05.023Z"}
{"level":"info","message":"   Analyze: POST http://localhost:3001/api/v1/analyze","service":"rookie-mistakes-api","timestamp":"2026-02-04T14:09:05.024Z"}
{"level":"info","message":"   Save: POST http://localhost:3001/api/v1/save","service":"rookie-mistakes-api","timestamp":"2026-02-04T14:09:05.024Z"}
{"level":"info","message":"   Get: GET http://localhost:3001/api/v1/snippet/:id","service":"rookie-mistakes-api","timestamp":"2026-02-04T14:09:05.025Z"}
{"codeLength":264,"duration":"90ms","language":"python","level":"info","message":"Code analysis completed","mistakeCount":3,"service":"rookie-mistakes-api","timestamp":"2026-02-04T14:09:57.182Z"}
{"duration":"141ms","level":"info","message":"Request completed","method":"POST","path":"/","service":"rookie-mistakes-api","statusCode":200,"timestamp":"2026-02-04T14:09:57.193Z"}
{"codeLength":60,"duration":"3ms","language":"python","level":"info","message":"Code analysis completed","mistakeCount":1,"service":"rookie-mistakes-api","timestamp":"2026-02-04T14:10:38.576Z"}
{"duration":"9ms","level":"info","message":"Request completed","method":"POST","path":"/","service":"rookie-mistakes-api","statusCode":200,"timestamp":"2026-02-04T14:10:38.579Z"}
{"codeLength":86,"duration":"2ms","language":"python","level":"info","message":"Code analysis completed","mistakeCount":1,"service":"rookie-mistakes-api","timestamp":"2026-02-04T14:10:56.363Z"}
{"duration":"5ms","level":"info","message":"Request completed","method":"POST","path":"/","service":"rookie-mistakes-api","statusCode":200,"timestamp":"2026-02-04T14:10:56.365Z"}
{"codeLength":83,"duration":"3ms","language":"python","level":"info","message":"Code analysis completed","mistakeCount":1,"service":"rookie-mistakes-api","timestamp":"2026-02-04T14:11:10.861Z"}
{"duration":"8ms","level":"info","message":"Request completed","method":"POST","path":"/","service":"rookie-mistakes-api","statusCode":200,"timestamp":"2026-02-04T14:11:10.864Z"}
{"codeLength":83,"duration":"1ms","language":"python","level":"info","message":"Code analysis completed","mistakeCount":1,"service":"rookie-mistakes-api","timestamp":"2026-02-04T14:11:14.351Z"}
{"duration":"7ms","level":"info","message":"Request completed","method":"POST","path":"/","service":"rookie-mistakes-api","statusCode":200,"timestamp":"2026-02-04T14:11:14.354Z"}
{"codeLength":83,"duration":"1ms","language":"python","level":"info","message":"Code analysis completed","mistakeCount":1,"service":"rookie-mistakes-api","timestamp":"2026-02-04T14:11:15.107Z"}
{"duration":"7ms","level":"info","message":"Request completed","method":"POST","path":"/","service":"rookie-mistakes-api","statusCode":200,"timestamp":"2026-02-04T14:11:15.111Z"}
{"codeLength":83,"duration":"3ms","language":"python","level":"info","message":"Code analysis completed","mistakeCount":1,"service":"rookie-mistakes-api","timestamp":"2026-02-04T14:11:15.845Z"}
{"duration":"7ms","level":"info","message":"Request completed","method":"POST","path":"/","service":"rookie-mistakes-api","statusCode":200,"timestamp":"2026-02-04T14:11:15.848Z"}
{"codeLength":46,"duration":"1ms","language":"python","level":"info","message":"Code analysis completed","mistakeCount":0,"service":"rookie-mistakes-api","timestamp":"2026-02-04T14:11:20.830Z"}
{"duration":"6ms","level":"info","message":"Request completed","method":"POST","path":"/","service":"rookie-mistakes-api","statusCode":200,"timestamp":"2026-02-04T14:11:20.833Z"}
{"codeLength":83,"duration":"3ms","language":"python","level":"info","message":"Code analysis completed","mistakeCount":1,"service":"rookie-mistakes-api","timestamp":"2026-02-04T14:11:25.326Z"}
{"duration":"10ms","level":"info","message":"Request completed","method":"POST","path":"/","service":"rookie-mistakes-api","statusCode":200,"timestamp":"2026-02-04T14:11:25.330Z"}
{"codeLength":75,"duration":"1ms","language":"python","level":"info","message":"Code analysis completed","mistakeCount":1,"service":"rookie-mistakes-api","timestamp":"2026-02-04T14:11:43.002Z"}
{"duration":"4ms","level":"info","message":"Request completed","method":"POST","path":"/","service":"rookie-mistakes-api","statusCode":200,"timestamp":"2026-02-04T14:11:43.005Z"}
{"codeLength":387,"duration":"26ms","language":"javascript","level":"info","message":"Code analysis completed","mistakeCount":7,"service":"rookie-mistakes-api","timestamp":"2026-02-04T14:18:02.923Z"}
{"duration":"30ms","level":"info","message":"Request completed","method":"POST","path":"/","service":"rookie-mistakes-api","statusCode":200,"timestamp":"2026-02-04T14:18:02.926Z"}
